<?xml version="1.0" encoding="UTF-8"?>
<testng-results total="1" passed="1" failed="0" skipped="0">
  <reporter-output>
  </reporter-output>
  <suite started-at="2023-07-23T00:31:40Z" name="Default suite" finished-at="2023-07-23T00:31:49Z" duration-ms="8916">
    <groups>
    </groups>
    <test started-at="2023-07-23T00:31:40Z" name="Default test" finished-at="2023-07-23T00:31:49Z" duration-ms="8916">
      <class name="LoginTest.Log">
        <test-method signature="login()[pri:0, instance:LoginTest.Log@48bb62]" started-at="2023-07-23T06:01:40Z" name="login" finished-at="2023-07-23T06:01:49Z" duration-ms="8906" status="PASS">
          <reporter-output>
          </reporter-output>
        </test-method> <!-- login -->
      </class> <!-- LoginTest.Log -->
    </test> <!-- Default test -->
  </suite> <!-- Default suite -->
</testng-results>
