<?xml version="1.0" encoding="UTF-8"?>
<testng-results total="1" passed="1" failed="0" skipped="0">
  <reporter-output>
  </reporter-output>
  <suite started-at="2023-07-23T00:19:53Z" name="Default suite" finished-at="2023-07-23T00:20:02Z" duration-ms="8716">
    <groups>
    </groups>
    <test started-at="2023-07-23T00:19:53Z" name="Default test" finished-at="2023-07-23T00:20:02Z" duration-ms="8716">
      <class name="LoginTest.Log">
        <test-method signature="login()[pri:0, instance:LoginTest.Log@65b104b9]" started-at="2023-07-23T05:49:53Z" name="login" finished-at="2023-07-23T05:50:02Z" duration-ms="8703" status="PASS">
          <reporter-output>
          </reporter-output>
        </test-method> <!-- login -->
      </class> <!-- LoginTest.Log -->
    </test> <!-- Default test -->
  </suite> <!-- Default suite -->
</testng-results>
